<?xml version="1.0" encoding="UTF-8"?>
<testng-results skipped="0" failed="0" ignored="2" total="3" passed="1">
  <reporter-output>
  </reporter-output>
  <suite name="HybridFrameWork" duration-ms="19099" started-at="2018-07-26T13:01:35Z" finished-at="2018-07-26T13:01:54Z">
    <groups>
    </groups>
    <test name="Test" duration-ms="19099" started-at="2018-07-26T13:01:35Z" finished-at="2018-07-26T13:01:54Z">
      <class name="com.crm.qa.testcases.LoginPageTest">
        <test-method status="PASS" signature="SetUp()[pri:0, instance:com.crm.qa.testcases.LoginPageTest@7d9d1a19]" name="SetUp" is-config="true" duration-ms="12310" started-at="2018-07-26T13:01:35Z" finished-at="2018-07-26T13:01:48Z">
          <reporter-output>
          </reporter-output>
        </test-method> <!-- SetUp -->
        <test-method status="PASS" signature="loginTest()[pri:3, instance:com.crm.qa.testcases.LoginPageTest@7d9d1a19]" name="loginTest" duration-ms="5448" started-at="2018-07-26T13:01:48Z" finished-at="2018-07-26T13:01:53Z">
          <reporter-output>
          </reporter-output>
        </test-method> <!-- loginTest -->
        <test-method status="PASS" signature="tearDown()[pri:0, instance:com.crm.qa.testcases.LoginPageTest@7d9d1a19]" name="tearDown" is-config="true" duration-ms="1324" started-at="2018-07-26T13:01:53Z" finished-at="2018-07-26T13:01:54Z">
          <reporter-output>
          </reporter-output>
        </test-method> <!-- tearDown -->
      </class> <!-- com.crm.qa.testcases.LoginPageTest -->
    </test> <!-- Test -->
  </suite> <!-- HybridFrameWork -->
</testng-results>
